
a.out:     file format elf32-bigmips


Disassembly of section .text:

00000000 <init>:
   0:	201d0020 	addi	sp,zero,32
   4:	0800000b 	j	2c <main>

00000008 <worker>:
   8:	8fa40000 	lw	a0,0(sp)
   c:	23bd0004 	addi	sp,sp,4
  10:	00001025 	move	v0,zero
  14:	00004025 	move	t0,zero
  18:	08000009 	j	24 <.test>

0000001c <.loop>:
  1c:	01021021 	addu	v0,t0,v0
  20:	25080001 	addiu	t0,t0,1

00000024 <.test>:
  24:	1504fffd 	bne	t0,a0,1c <.loop>
  28:	03400008 	jr	k0

0000002c <main>:
  2c:	2408000a 	li	t0,10
  30:	23bdfffc 	addi	sp,sp,-4
  34:	afa80000 	sw	t0,0(sp)
  38:	3c090000 	lui	t1,0x0
  3c:	25290008 	addiu	t1,t1,8
  40:	0120d009 	jalr	k0,t1
  44:	ac020000 	sw	v0,0(zero)
